<?xml version="1.0" encoding="UTF-8"?>
<!-- Generated by org.testng.reporters.JUnitReportReporter -->
<testsuite hostname="DESKTOP-M8FO46N" failures="0" tests="1" name="tests.ClickPhotoTest" time="1.368" errors="0" timestamp="2022-10-30T16:06:32 CET" skipped="0">
  <testcase classname="tests.ClickPhotoTest" name="ClickPhoto" time="1.368"/>
</testsuite> <!-- tests.ClickPhotoTest -->
