<?xml version="1.0" encoding="UTF-8"?>
<!-- Generated by org.testng.reporters.JUnitReportReporter -->
<testsuite hostname="DESKTOP-M8FO46N" failures="0" tests="1" name="tests.AccountLogoutTest" time="77.683" errors="0" timestamp="2022-11-09T12:25:09 CET" skipped="0">
  <testcase classname="tests.AccountLogoutTest" name="ClickAboutAndSignIn" time="77.683"/>
</testsuite> <!-- tests.AccountLogoutTest -->
