<?xml version="1.0" encoding="UTF-8"?>
<!-- Generated by org.testng.reporters.JUnitReportReporter -->
<testsuite hostname="LAPTOP-6B87O2T8" failures="0" tests="1" name="tests.TwitterExploreTest" time="2.209" errors="0" timestamp="2022-10-16T23:29:46 CEST" skipped="0">
  <testcase classname="tests.TwitterExploreTest" name="TwitterExplore" time="2.209"/>
  <system-out/>
</testsuite> <!-- tests.TwitterExploreTest -->
