<?xml version="1.0" encoding="UTF-8"?>
<!-- Generated by org.testng.reporters.JUnitReportReporter -->
<testsuite hostname="DESKTOP-M8FO46N" failures="0" tests="1" name="tests.loginTest1" time="8.620" errors="0" timestamp="2022-10-30T16:04:58 CET" skipped="0">
  <testcase classname="tests.loginTest1" name="Login" time="8.620"/>
</testsuite> <!-- tests.loginTest1 -->
