<?xml version="1.0" encoding="UTF-8"?>
<!-- Generated by org.testng.reporters.JUnitReportReporter -->
<testsuite hostname="LAPTOP-6B87O2T8" failures="0" tests="4" name="firsttestngpackage.firsttest" time="36.998" errors="0" timestamp="2022-09-19T02:12:13 CEST" skipped="0">
  <testcase classname="firsttestngpackage.firsttest" name="BuyProduct" time="6.093"/>
  <system-out/>
  <testcase classname="firsttestngpackage.firsttest" name="LogIn" time="0.718"/>
  <system-out/>
  <testcase classname="firsttestngpackage.firsttest" name="TestingFilter" time="0.552"/>
  <system-out/>
  <testcase classname="firsttestngpackage.firsttest" name="ClickAbout" time="29.635"/>
  <system-out/>
</testsuite> <!-- firsttestngpackage.firsttest -->
