<?xml version="1.0" encoding="UTF-8"?>
<!-- Generated by org.testng.reporters.JUnitReportReporter -->
<testsuite hostname="DESKTOP-M8FO46N" failures="0" tests="1" name="tests.TestingFilterTest" time="6.114" errors="0" timestamp="2022-11-09T12:20:03 CET" skipped="0">
  <testcase classname="tests.TestingFilterTest" name="TestingFilter" time="6.114"/>
</testsuite> <!-- tests.TestingFilterTest -->
