<?xml version="1.0" encoding="UTF-8"?>
<!-- Generated by org.testng.reporters.JUnitReportReporter -->
<testsuite hostname="LAPTOP-6B87O2T8" failures="0" tests="1" name="tests.AccountSignIn" time="2.092" errors="0" timestamp="2022-10-11T17:23:22 CEST" skipped="0">
  <testcase classname="tests.AccountSignIn" name="ClickAboutAndSignIn" time="2.092"/>
  <system-out/>
</testsuite> <!-- tests.AccountSignIn -->
