<?xml version="1.0" encoding="UTF-8"?>
<!-- Generated by org.testng.reporters.JUnitReportReporter -->
<testsuite hostname="DESKTOP-M8FO46N" failures="0" tests="1" name="tests.OpenTwitterTest" time="1.725" errors="0" timestamp="2022-11-09T12:35:44 CET" skipped="0">
  <testcase classname="tests.OpenTwitterTest" name="Login" time="1.725"/>
</testsuite> <!-- tests.OpenTwitterTest -->
