<?xml version="1.0" encoding="UTF-8"?>
<!-- Generated by org.testng.reporters.JUnitReportReporter -->
<testsuite hostname="DESKTOP-M8FO46N" failures="0" tests="1" name="firsttestngpackage.firsttestngfile" time="29.229" errors="0" timestamp="2022-09-01T17:45:03 CEST" skipped="0">
  <testcase classname="firsttestngpackage.firsttestngfile" name="FirstTest" time="29.229"/>
</testsuite> <!-- firsttestngpackage.firsttestngfile -->
