<?xml version="1.0" encoding="UTF-8"?>
<!-- Generated by org.testng.reporters.JUnitReportReporter -->
<testsuite hostname="LAPTOP-6B87O2T8" failures="0" tests="1" name="tests.AccountLogout" time="12.642" errors="0" timestamp="2022-10-11T17:27:13 CEST" skipped="0">
  <testcase classname="tests.AccountLogout" name="ClickAboutAndSignIn" time="12.642"/>
  <system-out/>
</testsuite> <!-- tests.AccountLogout -->
