<?xml version="1.0" encoding="UTF-8"?>
<!-- Generated by org.testng.reporters.JUnitReportReporter -->
<testsuite hostname="DESKTOP-M8FO46N" failures="0" tests="1" name="tests.Screen" time="1.043" errors="0" timestamp="2022-10-30T14:19:00 CET" skipped="0">
  <testcase classname="tests.Screen" name="Screen" time="1.043"/>
</testsuite> <!-- tests.Screen -->
