<?xml version="1.0" encoding="UTF-8"?>
<!-- Generated by org.testng.reporters.JUnitReportReporter -->
<testsuite hostname="DESKTOP-M8FO46N" failures="0" tests="1" name="tests.WrongUsernameTest" time="15.411" errors="0" timestamp="2022-10-30T13:52:11 CET" skipped="0">
  <testcase classname="tests.WrongUsernameTest" name="Login" time="15.411"/>
</testsuite> <!-- tests.WrongUsernameTest -->
