<?xml version="1.0" encoding="UTF-8"?>
<!-- Generated by org.testng.reporters.JUnitReportReporter -->
<testsuite hostname="DESKTOP-M8FO46N" failures="0" tests="1" name="tests.ClickAboutTest" time="4.981" errors="0" timestamp="2022-10-30T16:36:07 CET" skipped="0">
  <testcase classname="tests.ClickAboutTest" name="ClickAbout" time="4.981"/>
</testsuite> <!-- tests.ClickAboutTest -->
