<?xml version="1.0" encoding="UTF-8"?>
<!-- Generated by org.testng.reporters.JUnitReportReporter -->
<testsuite hostname="DESKTOP-M8FO46N" failures="0" tests="1" name="tests.AccountSignInTest" time="29.433" errors="0" timestamp="2022-11-09T12:25:09 CET" skipped="0">
  <testcase classname="tests.AccountSignInTest" name="ClickAboutAndSignIn" time="29.433"/>
</testsuite> <!-- tests.AccountSignInTest -->
